# JRE version: OpenJDK Runtime Environment AdoptOpenJDK (14.0.1+7) (build 14.0.1+7)
# Java VM: OpenJDK 64-Bit Server VM AdoptOpenJDK (14.0.1+7, mixed mode, tiered, compressed oops, g1 gc, linux-amd64)
Heap:
 garbage-first heap   total 61440K, used 34119K [0x0000000600000000, 0x0000000800000000)
  region size 2048K, 7 young (14336K), 1 survivors (2048K)
 Metaspace       used 45117K, capacity 46953K, committed 47232K, reserved 1089536K
  class space    used 5727K, capacity 6467K, committed 6528K, reserved 1048576K
GC Heap History (18 events):
Event: 2.125 GC heap before
{Heap before GC invocations=0 (full 0):
 garbage-first heap   total 514048K, used 24576K [0x0000000600000000, 0x0000000800000000)
  region size 2048K, 12 young (24576K), 0 survivors (0K)
 Metaspace       used 10516K, capacity 10656K, committed 11008K, reserved 1058816K
  class space    used 1139K, capacity 1212K, committed 1280K, reserved 1048576K
}
Event: 2.127 GC heap after
{Heap after GC invocations=1 (full 0):
 garbage-first heap   total 514048K, used 6292K [0x0000000600000000, 0x0000000800000000)
  region size 2048K, 2 young (4096K), 2 survivors (4096K)
 Metaspace       used 10516K, capacity 10656K, committed 11008K, reserved 1058816K
  class space    used 1139K, capacity 1212K, committed 1280K, reserved 1048576K
}
Event: 2.777 GC heap before
{Heap before GC invocations=1 (full 0):
 garbage-first heap   total 514048K, used 30868K [0x0000000600000000, 0x0000000800000000)
  region size 2048K, 14 young (28672K), 2 survivors (4096K)
 Metaspace       used 18031K, capacity 18383K, committed 18688K, reserved 1064960K
  class space    used 2064K, capacity 2199K, committed 2304K, reserved 1048576K
}
Event: 2.779 GC heap after
{Heap after GC invocations=2 (full 0):
 garbage-first heap   total 514048K, used 8987K [0x0000000600000000, 0x0000000800000000)
  region size 2048K, 2 young (4096K), 2 survivors (4096K)
 Metaspace       used 18031K, capacity 18383K, committed 18688K, reserved 1064960K
  class space    used 2064K, capacity 2199K, committed 2304K, reserved 1048576K
}
Event: 2.968 GC heap before
{Heap before GC invocations=2 (full 0):
 garbage-first heap   total 514048K, used 17179K [0x0000000600000000, 0x0000000800000000)
  region size 2048K, 7 young (14336K), 2 survivors (4096K)
 Metaspace       used 20704K, capacity 21080K, committed 21248K, reserved 1067008K
  class space    used 2534K, capacity 2708K, committed 2816K, reserved 1048576K
}
Event: 2.969 GC heap after
{Heap after GC invocations=3 (full 0):
 garbage-first heap   total 514048K, used 9532K [0x0000000600000000, 0x0000000800000000)
  region size 2048K, 2 young (4096K), 2 survivors (4096K)
 Metaspace       used 20704K, capacity 21080K, committed 21248K, reserved 1067008K
  class space    used 2534K, capacity 2708K, committed 2816K, reserved 1048576K
}
Event: 3.412 GC heap before
{Heap before GC invocations=4 (full 0):
 garbage-first heap   total 49152K, used 34108K [0x0000000600000000, 0x0000000800000000)
  region size 2048K, 14 young (28672K), 2 survivors (4096K)
 Metaspace       used 27869K, capacity 28586K, committed 28928K, reserved 1075200K
  class space    used 3738K, capacity 4040K, committed 4096K, reserved 1048576K
}
Event: 3.415 GC heap after
{Heap after GC invocations=5 (full 0):
 garbage-first heap   total 49152K, used 12256K [0x0000000600000000, 0x0000000800000000)
  region size 2048K, 2 young (4096K), 2 survivors (4096K)
 Metaspace       used 27869K, capacity 28586K, committed 28928K, reserved 1075200K
  class space    used 3738K, capacity 4040K, committed 4096K, reserved 1048576K
}
Event: 3.719 GC heap before
{Heap before GC invocations=6 (full 0):
 garbage-first heap   total 49152K, used 30688K [0x0000000600000000, 0x0000000800000000)
  region size 2048K, 11 young (22528K), 2 survivors (4096K)
 Metaspace       used 32992K, capacity 34069K, committed 34304K, reserved 1079296K
  class space    used 4544K, capacity 5007K, committed 5120K, reserved 1048576K
}
Event: 3.723 GC heap after
{Heap after GC invocations=7 (full 0):
 garbage-first heap   total 49152K, used 16049K [0x0000000600000000, 0x0000000800000000)
  region size 2048K, 2 young (4096K), 2 survivors (4096K)
 Metaspace       used 32992K, capacity 34069K, committed 34304K, reserved 1079296K
  class space    used 4544K, capacity 5007K, committed 5120K, reserved 1048576K
}
Event: 3.874 GC heap before
{Heap before GC invocations=7 (full 0):
 garbage-first heap   total 49152K, used 32433K [0x0000000600000000, 0x0000000800000000)
  region size 2048K, 10 young (20480K), 2 survivors (4096K)
 Metaspace       used 35510K, capacity 37124K, committed 37248K, reserved 1081344K
  class space    used 5037K, capacity 5714K, committed 5760K, reserved 1048576K
}
Event: 3.878 GC heap after
{Heap after GC invocations=8 (full 0):
 garbage-first heap   total 49152K, used 19147K [0x0000000600000000, 0x0000000800000000)
  region size 2048K, 2 young (4096K), 2 survivors (4096K)
 Metaspace       used 35510K, capacity 37124K, committed 37248K, reserved 1081344K
  class space    used 5037K, capacity 5714K, committed 5760K, reserved 1048576K
}
Event: 4.108 GC heap before
{Heap before GC invocations=8 (full 0):
 garbage-first heap   total 49152K, used 31435K [0x0000000600000000, 0x0000000800000000)
  region size 2048K, 8 young (16384K), 2 survivors (4096K)
 Metaspace       used 37123K, capacity 38828K, committed 39040K, reserved 1083392K
  class space    used 5251K, capacity 5959K, committed 6016K, reserved 1048576K
}
Event: 4.111 GC heap after
{Heap after GC invocations=9 (full 0):
 garbage-first heap   total 49152K, used 22629K [0x0000000600000000, 0x0000000800000000)
  region size 2048K, 1 young (2048K), 1 survivors (2048K)
 Metaspace       used 37123K, capacity 38828K, committed 39040K, reserved 1083392K
  class space    used 5251K, capacity 5959K, committed 6016K, reserved 1048576K
}
Event: 4.205 GC heap before
{Heap before GC invocations=9 (full 0):
 garbage-first heap   total 49152K, used 24677K [0x0000000600000000, 0x0000000800000000)
  region size 2048K, 4 young (8192K), 1 survivors (2048K)
 Metaspace       used 38308K, capacity 40044K, committed 40192K, reserved 1083392K
  class space    used 5360K, capacity 6087K, committed 6144K, reserved 1048576K
}
Event: 4.207 GC heap after
{Heap after GC invocations=10 (full 0):
 garbage-first heap   total 49152K, used 24647K [0x0000000600000000, 0x0000000800000000)
  region size 2048K, 1 young (2048K), 1 survivors (2048K)
 Metaspace       used 38308K, capacity 40044K, committed 40192K, reserved 1083392K
  class space    used 5360K, capacity 6087K, committed 6144K, reserved 1048576K
}
Event: 4.319 GC heap before
{Heap before GC invocations=11 (full 0):
 garbage-first heap   total 61440K, used 38983K [0x0000000600000000, 0x0000000800000000)
  region size 2048K, 5 young (10240K), 1 survivors (2048K)
 Metaspace       used 43725K, capacity 45530K, committed 45696K, reserved 1089536K
  class space    used 5532K, capacity 6270K, committed 6272K, reserved 1048576K
}
Event: 4.321 GC heap after
{Heap after GC invocations=12 (full 0):
 garbage-first heap   total 61440K, used 23879K [0x0000000600000000, 0x0000000800000000)
  region size 2048K, 1 young (2048K), 1 survivors (2048K)
 Metaspace       used 43725K, capacity 45530K, committed 45696K, reserved 1089536K
  class space    used 5532K, capacity 6270K, committed 6272K, reserved 1048576K
}

